<?xml version="1.0" encoding="UTF-8"?>
<testng-results skipped="0" failed="0" ignored="0" total="1" passed="1">
  <reporter-output>
  </reporter-output>
  <suite name="All Test Suite" duration-ms="12686" started-at="2023-03-02T12:27:54 IST" finished-at="2023-03-02T12:28:07 IST">
    <groups>
    </groups>
    <test name="D:/SELENIUM" duration-ms="12686" started-at="2023-03-02T12:27:54 IST" finished-at="2023-03-02T12:28:07 IST">
      <class name="Homepagetest">
        <test-method status="PASS" signature="openbrowser()[pri:0, instance:Homepagetest@3a883ce7]" name="openbrowser" is-config="true" duration-ms="11620" started-at="2023-03-02T12:27:54 IST" finished-at="2023-03-02T12:28:06 IST">
          <reporter-output>
          </reporter-output>
        </test-method> <!-- openbrowser -->
        <test-method status="PASS" signature="verifytitle()[pri:0, instance:Homepagetest@3a883ce7]" name="verifytitle" duration-ms="133" started-at="2023-03-02T12:28:06 IST" finished-at="2023-03-02T12:28:06 IST">
          <reporter-output>
          </reporter-output>
        </test-method> <!-- verifytitle -->
        <test-method status="PASS" signature="closebrowser()[pri:0, instance:Homepagetest@3a883ce7]" name="closebrowser" is-config="true" duration-ms="599" started-at="2023-03-02T12:28:06 IST" finished-at="2023-03-02T12:28:07 IST">
          <reporter-output>
          </reporter-output>
        </test-method> <!-- closebrowser -->
      </class> <!-- Homepagetest -->
    </test> <!-- D:/SELENIUM -->
  </suite> <!-- All Test Suite -->
</testng-results>
